{"name":"Story 767, Test 569+932 ; ValidateAccountAddedAndFieldsPopulatedForCase","status":"failed","statusDetails":{"known":false,"muted":false,"flaky":false,"message":"java.lang.AssertionError","trace":"java.lang.AssertionError\r\n\tat org.junit.Assert.fail(Assert.java:87)\r\n\tat org.junit.Assert.fail(Assert.java:96)\r\n\tat Pages.CasePage.NavigateCaseInnerTab(CasePage.java:368)\r\n\tat Execute.CallTakerExecute.ValidateAccountAddedAndFieldsPopulatedForCase(CallTakerExecute.java:285)\r\n\tat sun.reflect.NativeMethodAccessorImpl.invoke0(Native Method)\r\n\tat sun.reflect.NativeMethodAccessorImpl.invoke(NativeMethodAccessorImpl.java:62)\r\n\tat sun.reflect.DelegatingMethodAccessorImpl.invoke(DelegatingMethodAccessorImpl.java:43)\r\n\tat java.lang.reflect.Method.invoke(Method.java:498)\r\n\tat org.testng.internal.MethodInvocationHelper.invokeMethod(MethodInvocationHelper.java:124)\r\n\tat org.testng.internal.Invoker.invokeMethod(Invoker.java:583)\r\n\tat org.testng.internal.Invoker.invokeTestMethod(Invoker.java:719)\r\n\tat org.testng.internal.Invoker.invokeTestMethods(Invoker.java:989)\r\n\tat org.testng.internal.TestMethodWorker.invokeTestMethods(TestMethodWorker.java:125)\r\n\tat org.testng.internal.TestMethodWorker.run(TestMethodWorker.java:109)\r\n\tat org.testng.TestRunner.privateRun(TestRunner.java:648)\r\n\tat org.testng.TestRunner.run(TestRunner.java:505)\r\n\tat org.testng.SuiteRunner.runTest(SuiteRunner.java:455)\r\n\tat org.testng.SuiteRunner.runSequentially(SuiteRunner.java:450)\r\n\tat org.testng.SuiteRunner.privateRun(SuiteRunner.java:415)\r\n\tat org.testng.SuiteRunner.run(SuiteRunner.java:364)\r\n\tat org.testng.SuiteRunnerWorker.runSuite(SuiteRunnerWorker.java:52)\r\n\tat org.testng.SuiteRunnerWorker.run(SuiteRunnerWorker.java:84)\r\n\tat org.testng.TestNG.runSuitesSequentially(TestNG.java:1208)\r\n\tat org.testng.TestNG.runSuitesLocally(TestNG.java:1137)\r\n\tat org.testng.TestNG.runSuites(TestNG.java:1049)\r\n\tat org.testng.TestNG.run(TestNG.java:1017)\r\n\tat com.intellij.rt.testng.IDEARemoteTestNG.run(IDEARemoteTestNG.java:66)\r\n\tat com.intellij.rt.testng.RemoteTestNGStarter.main(RemoteTestNGStarter.java:109)\r\n"},"stage":"finished","steps":[],"attachments":[],"parameters":[],"start":1686158224455,"stop":1686158308640,"uuid":"8a2ce018-f4b5-4dff-9cd6-21932c53f71a","historyId":"bc235c91a05453d46d3dbc6a1d418bbc","fullName":"Execute.CallTakerExecute.ValidateAccountAddedAndFieldsPopulatedForCase","labels":[{"name":"package","value":"Execute.CallTakerExecute"},{"name":"testClass","value":"Execute.CallTakerExecute"},{"name":"testMethod","value":"ValidateAccountAddedAndFieldsPopulatedForCase"},{"name":"parentSuite","value":"Default Suite"},{"name":"suite","value":"BCAA"},{"name":"subSuite","value":"Execute.CallTakerExecute"},{"name":"host","value":"LAP10-GUYL"},{"name":"thread","value":"10688@LAP10-GUYL.main(1)"},{"name":"framework","value":"testng"},{"name":"language","value":"java"}],"links":[]}